Using pre-set license
Built from '2020.3/staging' branch; Version is '2020.3.4f1 (0abb6314276a) revision 703331'; Using compiler version '192528614'; Build Type 'Release'
OS: 'Windows 10 Home; OS build 22000.708; Version 2009; 64bit' Language: 'en' Physical Memory: 16230 MB
BatchMode: 1, IsHumanControllingUs: 0, StartBugReporterOnCrash: 0, Is64bit: 1, IsPro: 0

 COMMAND LINE ARGUMENTS:
E:\unity hub\2020.3.4f1\Editor\Unity.exe
-adb2
-batchMode
-noUpm
-name
AssetImportWorker0
-projectPath
C:/Users/Min Htet Naing/OneDrive/Documents/killer-master/killer
-logFile
Logs/AssetImportWorker0.log
-srvPort
49760
Successfully changed project path to: C:/Users/Min Htet Naing/OneDrive/Documents/killer-master/killer
C:/Users/Min Htet Naing/OneDrive/Documents/killer-master/killer
Using Asset Import Pipeline V2.
Refreshing native plugins compatible for Editor in 36.39 ms, found 1 plugins.
Preloading 0 native plugins for Editor in 0.00 ms.
Initialize engine version: 2020.3.4f1 (0abb6314276a)
[Subsystems] Discovering subsystems at path E:/unity hub/2020.3.4f1/Editor/Data/Resources/UnitySubsystems
[Subsystems] Discovering subsystems at path C:/Users/Min Htet Naing/OneDrive/Documents/killer-master/killer/Assets
GfxDevice: creating device client; threaded=0
Direct3D:
    Version:  Direct3D 11.0 [level 11.1]
    Renderer: NVIDIA GeForce GTX 1050 (ID=0x1c8d)
    Vendor:   
    VRAM:     4021 MB
    Driver:   30.0.15.1179
Initialize mono
Mono path[0] = 'E:/unity hub/2020.3.4f1/Editor/Data/Managed'
Mono path[1] = 'E:/unity hub/2020.3.4f1/Editor/Data/MonoBleedingEdge/lib/mono/unityjit'
Mono config path = 'E:/unity hub/2020.3.4f1/Editor/Data/MonoBleedingEdge/etc'
Using monoOptions --debugger-agent=transport=dt_socket,embedding=1,server=y,suspend=n,address=127.0.0.1:56524
Begin MonoManager ReloadAssembly
Registering precompiled unity dll's ...
Register platform support module: E:/unity hub/2020.3.4f1/Editor/Data/PlaybackEngines/WindowsStandaloneSupport/UnityEditor.WindowsStandalone.Extensions.dll
Registered in 0.001239 seconds.
Native extension for WindowsStandalone target not found
Refreshing native plugins compatible for Editor in 35.65 ms, found 1 plugins.
Preloading 0 native plugins for Editor in 0.00 ms.
Mono: successfully reloaded assembly
- Completed reload, in  0.878 seconds
Platform modules already initialized, skipping
Registering precompiled user dll's ...
Registered in 0.000924 seconds.
Begin MonoManager ReloadAssembly
Native extension for WindowsStandalone target not found
Refreshing native plugins compatible for Editor in 35.20 ms, found 1 plugins.
Preloading 0 native plugins for Editor in 0.00 ms.
Mono: successfully reloaded assembly
- Completed reload, in  0.949 seconds
Platform modules already initialized, skipping
========================================================================
Worker process is ready to serve import requests
Launched and connected shader compiler UnityShaderCompiler.exe after 0.16 seconds
Refreshing native plugins compatible for Editor in 0.40 ms, found 1 plugins.
Preloading 0 native plugins for Editor in 0.00 ms.
Unloading 1808 Unused Serialized files (Serialized files now loaded: 0)
System memory in use before: 87.6 MB.
System memory in use after: 87.5 MB.

Unloading 24 unused Assets to reduce memory usage. Loaded Objects now: 2250.
Total: 3.053000 ms (FindLiveObjects: 0.201200 ms CreateObjectMapping: 0.101700 ms MarkObjects: 2.587900 ms  DeleteObjects: 0.161000 ms)

========================================================================
Received Import Request.
  path: Assets
  artifactKey: Guid(00000000000000001000000000000000) Importer(815301076,1909f56bfc062723c751e8b465ee728b)
Start importing Assets using Guid(00000000000000001000000000000000) Importer(815301076,1909f56bfc062723c751e8b465ee728b)  -> (artifact id: '025e4f587c23674256bb898581e82961') in 0.022606 seconds
  Import took 0.031127 seconds .

========================================================================
Received Import Request.
  Time since last request: 698.803683 seconds.
  path: Assets/user
  artifactKey: Guid(6d7457e02dcdac848b06324c89fd2afd) Importer(815301076,1909f56bfc062723c751e8b465ee728b)
Start importing Assets/user using Guid(6d7457e02dcdac848b06324c89fd2afd) Importer(815301076,1909f56bfc062723c751e8b465ee728b)  -> (artifact id: '50b29d92f5261708f577fb751b110f75') in 0.010280 seconds
  Import took 0.014976 seconds .

========================================================================
Received Import Request.
  Time since last request: 9.021914 seconds.
  path: Assets/user/test.cs
  artifactKey: Guid(02412996054ecc34abecb8f60fe281a1) Importer(815301076,1909f56bfc062723c751e8b465ee728b)
Start importing Assets/user/test.cs using Guid(02412996054ecc34abecb8f60fe281a1) Importer(815301076,1909f56bfc062723c751e8b465ee728b)  -> (artifact id: 'f4cee483286a6e9b59711638eebab7a6') in 0.043326 seconds
  Import took 0.047884 seconds .

========================================================================
Received Import Request.
  Time since last request: 0.004152 seconds.
  path: Assets/user/test.cs
  artifactKey: Guid(02412996054ecc34abecb8f60fe281a1) Importer(815301076,1909f56bfc062723c751e8b465ee728b)
Start importing Assets/user/test.cs using Guid(02412996054ecc34abecb8f60fe281a1) Importer(815301076,1909f56bfc062723c751e8b465ee728b)  -> (artifact id: 'f4cee483286a6e9b59711638eebab7a6') in 0.004626 seconds
  Import took 0.009108 seconds .

========================================================================
Received Prepare
Registering precompiled user dll's ...
Registered in 0.000891 seconds.
Begin MonoManager ReloadAssembly
Native extension for WindowsStandalone target not found
Refreshing native plugins compatible for Editor in 0.35 ms, found 1 plugins.
Preloading 0 native plugins for Editor in 0.00 ms.
Mono: successfully reloaded assembly
- Completed reload, in  0.853 seconds
Platform modules already initialized, skipping
Refreshing native plugins compatible for Editor in 0.38 ms, found 1 plugins.
Preloading 0 native plugins for Editor in 0.00 ms.
Unloading 1804 Unused Serialized files (Serialized files now loaded: 0)
System memory in use before: 87.5 MB.
System memory in use after: 87.5 MB.

Unloading 12 unused Assets to reduce memory usage. Loaded Objects now: 2255.
Total: 2.392700 ms (FindLiveObjects: 0.234900 ms CreateObjectMapping: 0.095200 ms MarkObjects: 1.952400 ms  DeleteObjects: 0.108700 ms)

AssetImportWorkerClient::OnTransportError - code=2 error=End of file
